find .. -exec grep -l -s Brandon {} ;
../.cshrc
../.pinerc
../.pine-debug1
../csci330/A1.Part1
../csci330/A1.Part2
../csci330/A1.Part3
../csci330/lf
../csci330/a6A.csh
../csci330/output.out
../pinemail/sent-mail
../pinemail/saved-messages
../.pine-debug2
../.pine-debug3
../.pine-debug4
../241/assign6/assign6.C
../241/assign6/String.h
../241/assign6/String.C
../241/assign5/assign5.C
../241/assign7/String.C
../241/assign7/String.h
../241/assign7/assign7.C
../241/assign8/List.h
../241/assign8/cd.h
../241/assign8/cd.C
../241/assign8/assign8.C
../241/assign8/List.C
../241/assign9/Stack.h
../241/assign9/Stack.C
../241/assign9/assign9.C
../241/assign10/Queue.h
../241/assign10/assign10.C
../480/asgn.C
../480/assign3/asgn.C
../480/assign3/typescript
../480/assign4/assign4.C
../480/assign4/typescript
../.history
../466/assign7/assign7.c
../466/assign7/assign7.pc
